<?xml version="1.0" encoding="UTF-8"?>
<testsuite name="Cucumber" time="0.126" tests="1" skipped="0" failures="0" errors="0">
<testcase classname="Title of your feature" name="Title of your scenario" time="0.02">
<system-out><![CDATA[
Given launch saas application...............................................passed
Then welcome text...........................................................passed
And verify..................................................................passed
]]></system-out>
</testcase>
</testsuite>
